<?xml version="1.0" encoding="UTF-8"?>
<testsuite name="Login Test"
           tests="5"
           failures="0"
           errors="0"
           skipped="0"
           time="27.591">
  <properties />
  
  
            <testcase name="verifyUserShouldAddProductToTheCartSuccessfully" time="4.485" classname="com.automation.testsuite.WomenCategoryPageTest" />
                <testcase name="verifyUserShouldAddProductToTheCartSuccessfully" time="8.177" classname="com.automation.testsuite.WomenCategoryPageTest" />
                <testcase name="verifyUserShouldAddProductToTheCartSuccessfully" time="9.936" classname="com.automation.testsuite.WomenCategoryPageTest" />
                <testcase name="verifyUserShouldNavigateToWomenCategoryPageSuccessfully" time="1.678" classname="com.automation.testsuite.WomenCategoryPageTest" />
                <testcase name="verifyUserShouldAddProductToTheCartSuccessfully" time="3.315" classname="com.automation.testsuite.WomenCategoryPageTest" />
      
</testsuite>
